<?xml version="1.0" encoding="UTF-8"?>
<testng-results skipped="0" failed="0" ignored="0" total="1" passed="1">
  <reporter-output>
  </reporter-output>
  <suite name="Default suite" duration-ms="47080" started-at="2022-07-27T06:15:35Z" finished-at="2022-07-27T06:16:22Z">
    <groups>
    </groups>
    <test name="Default test" duration-ms="47080" started-at="2022-07-27T06:15:35Z" finished-at="2022-07-27T06:16:22Z">
      <class name="sprint3.AdministratorCertifications_S06_68">
        <test-method status="PASS" signature="verifyAdministratorCertification()[pri:0, instance:sprint3.AdministratorCertifications_S06_68@9353778]" name="verifyAdministratorCertification" duration-ms="47019" started-at="2022-07-27T06:15:35Z" finished-at="2022-07-27T06:16:22Z">
          <reporter-output>
          </reporter-output>
        </test-method> <!-- verifyAdministratorCertification -->
      </class> <!-- sprint3.AdministratorCertifications_S06_68 -->
    </test> <!-- Default test -->
  </suite> <!-- Default suite -->
</testng-results>
